2024-10-02 23:41:51 INFO  o.h.validator.internal.util.Version - HV000001: Hibernate Validator 8.0.1.Final
2024-10-02 23:41:51 INFO  c.project.shopapp.ShopappApplication - Starting ShopappApplication using Java 20.0.2.1 with PID 19644 (D:\ideaIU\Work\ShopApp\shopapp-backend\target\classes started by Admin in D:\ideaIU\Work\ShopApp\shopapp-backend)
2024-10-02 23:41:51 INFO  c.project.shopapp.ShopappApplication - No active profile set, falling back to 1 default profile: "default"
2024-10-02 23:41:55 INFO  o.a.coyote.http11.Http11NioProtocol - Initializing ProtocolHandler ["http-nio-8088"]
2024-10-02 23:41:55 INFO  o.a.catalina.core.StandardService - Starting service [Tomcat]
2024-10-02 23:41:55 INFO  o.a.catalina.core.StandardEngine - Starting Servlet engine: [Apache Tomcat/10.1.25]
2024-10-02 23:41:55 INFO  o.a.c.c.C.[Tomcat].[localhost].[/] - Initializing Spring embedded WebApplicationContext
2024-10-02 23:41:55 INFO  org.flywaydb.core.FlywayExecutor - Database: jdbc:mysql://localhost:3306/ShopApp (MySQL 5.5)
2024-10-02 23:41:55 INFO  o.f.core.internal.command.DbValidate - Successfully validated 7 migrations (execution time 00:00.061s)
2024-10-02 23:41:55 INFO  o.f.core.internal.command.DbMigrate - Current version of schema `shopapp`: 8
2024-10-02 23:41:55 INFO  o.f.core.internal.command.DbMigrate - Schema `shopapp` is up to date. No migration necessary.
2024-10-02 23:41:55 INFO  o.h.jpa.internal.util.LogHelper - HHH000204: Processing PersistenceUnitInfo [name: default]
2024-10-02 23:41:55 INFO  org.hibernate.Version - HHH000412: Hibernate ORM core version 6.5.2.Final
2024-10-02 23:41:55 INFO  o.h.c.i.RegionFactoryInitiator - HHH000026: Second-level cache disabled
2024-10-02 23:41:56 WARN  org.hibernate.dialect.Dialect - HHH000511: The 5.5.5 version for [org.hibernate.dialect.MySQLDialect] is no longer supported, hence certain features may not work properly. The minimum supported version is 8.0.0. Check the community dialects project for available legacy versions.
2024-10-02 23:41:57 INFO  o.h.e.t.j.p.i.JtaPlatformInitiator - HHH000489: No JTA platform available (set 'hibernate.transaction.jta.platform' to enable JTA platform integration)
2024-10-02 23:41:58 WARN  o.s.b.a.o.j.JpaBaseConfiguration$JpaWebConfiguration - spring.jpa.open-in-view is enabled by default. Therefore, database queries may be performed during view rendering. Explicitly configure spring.jpa.open-in-view to disable this warning
2024-10-02 23:41:58 TRACE o.s.s.c.a.a.c.AuthenticationConfiguration$EnableGlobalAuthenticationAutowiredConfigurer - Eagerly initializing {org.springframework.boot.autoconfigure.security.servlet.SpringBootWebSecurityConfiguration$WebSecurityEnablerConfiguration=org.springframework.boot.autoconfigure.security.servlet.SpringBootWebSecurityConfiguration$WebSecurityEnablerConfiguration@cdb12a5}
2024-10-02 23:41:58 INFO  o.s.s.c.a.a.c.InitializeUserDetailsBeanManagerConfigurer$InitializeUserDetailsManagerConfigurer - Global AuthenticationManager configured with UserDetailsService bean with name customerUserDetailsService
2024-10-02 23:41:59 DEBUG o.s.s.web.DefaultSecurityFilterChain - Will secure any request with filters: DisableEncodeUrlFilter, WebAsyncManagerIntegrationFilter, SecurityContextHolderFilter, HeaderWriterFilter, CorsFilter, LogoutFilter, JwtTokenFilter, RequestCacheAwareFilter, SecurityContextHolderAwareRequestFilter, AnonymousAuthenticationFilter, SessionManagementFilter, ExceptionTranslationFilter, AuthorizationFilter
2024-10-02 23:41:59 INFO  o.a.coyote.http11.Http11NioProtocol - Starting ProtocolHandler ["http-nio-8088"]
2024-10-02 23:41:59 INFO  c.project.shopapp.ShopappApplication - Started ShopappApplication in 8.265 seconds (process running for 9.716)
2024-10-02 23:42:07 INFO  o.a.c.c.C.[Tomcat].[localhost].[/] - Initializing Spring DispatcherServlet 'dispatcherServlet'
2024-10-02 23:42:07 TRACE o.s.security.web.FilterChainProxy - Trying to match request against DefaultSecurityFilterChain [RequestMatcher=any request, Filters=[org.springframework.security.web.session.DisableEncodeUrlFilter@7d16b06c, org.springframework.security.web.context.request.async.WebAsyncManagerIntegrationFilter@791b0169, org.springframework.security.web.context.SecurityContextHolderFilter@5c0ea6d4, org.springframework.security.web.header.HeaderWriterFilter@401e5e83, org.springframework.web.filter.CorsFilter@3f683fb5, org.springframework.security.web.authentication.logout.LogoutFilter@19b4787c, com.project.shopapp.filter.JwtTokenFilter@2ac58d, org.springframework.security.web.savedrequest.RequestCacheAwareFilter@31e420b5, org.springframework.security.web.servletapi.SecurityContextHolderAwareRequestFilter@c6c4509, org.springframework.security.web.authentication.AnonymousAuthenticationFilter@fb9370b, org.springframework.security.web.session.SessionManagementFilter@d609083, org.springframework.security.web.access.ExceptionTranslationFilter@32497957, org.springframework.security.web.access.intercept.AuthorizationFilter@2860427c]] (1/1)
2024-10-02 23:42:07 DEBUG o.s.security.web.FilterChainProxy - Securing GET /api/v1/products?keyword=&page=0&limit=12
2024-10-02 23:42:07 TRACE o.s.security.web.FilterChainProxy - Invoking DisableEncodeUrlFilter (1/13)
2024-10-02 23:42:07 TRACE o.s.security.web.FilterChainProxy - Invoking WebAsyncManagerIntegrationFilter (2/13)
2024-10-02 23:42:07 TRACE o.s.security.web.FilterChainProxy - Invoking SecurityContextHolderFilter (3/13)
2024-10-02 23:42:07 TRACE o.s.security.web.FilterChainProxy - Invoking HeaderWriterFilter (4/13)
2024-10-02 23:42:07 TRACE o.s.security.web.FilterChainProxy - Invoking CorsFilter (5/13)
2024-10-02 23:42:07 TRACE o.s.security.web.FilterChainProxy - Invoking LogoutFilter (6/13)
2024-10-02 23:42:07 TRACE o.s.s.w.a.logout.LogoutFilter - Did not match request to Or [Ant [pattern='/logout', GET], Ant [pattern='/logout', POST], Ant [pattern='/logout', PUT], Ant [pattern='/logout', DELETE]]
2024-10-02 23:42:07 TRACE o.s.security.web.FilterChainProxy - Invoking JwtTokenFilter (7/13)
2024-10-02 23:42:07 TRACE o.s.security.web.FilterChainProxy - Invoking RequestCacheAwareFilter (8/13)
2024-10-02 23:42:07 TRACE o.s.security.web.FilterChainProxy - Invoking SecurityContextHolderAwareRequestFilter (9/13)
2024-10-02 23:42:07 TRACE o.s.security.web.FilterChainProxy - Invoking AnonymousAuthenticationFilter (10/13)
2024-10-02 23:42:07 TRACE o.s.security.web.FilterChainProxy - Invoking SessionManagementFilter (11/13)
2024-10-02 23:42:07 TRACE o.s.s.w.c.SupplierDeferredSecurityContext - Created SecurityContextImpl [Null authentication]
2024-10-02 23:42:07 TRACE o.s.s.w.a.AnonymousAuthenticationFilter - Set SecurityContextHolder to AnonymousAuthenticationToken [Principal=anonymousUser, Credentials=[PROTECTED], Authenticated=true, Details=WebAuthenticationDetails [RemoteIpAddress=0:0:0:0:0:0:0:1, SessionId=null], Granted Authorities=[ROLE_ANONYMOUS]]
2024-10-02 23:42:07 TRACE o.s.security.web.FilterChainProxy - Invoking ExceptionTranslationFilter (12/13)
2024-10-02 23:42:07 TRACE o.s.security.web.FilterChainProxy - Invoking AuthorizationFilter (13/13)
2024-10-02 23:42:07 TRACE o.s.s.w.a.i.RequestMatcherDelegatingAuthorizationManager - Authorizing GET /api/v1/products?keyword=&page=0&limit=12
2024-10-02 23:42:07 TRACE o.s.s.w.a.i.RequestMatcherDelegatingAuthorizationManager - Checking authorization on GET /api/v1/products?keyword=&page=0&limit=12 using org.springframework.security.config.annotation.web.configurers.AuthorizeHttpRequestsConfigurer$$Lambda$1928/0x0000028dd29a2600@1a557956
2024-10-02 23:42:07 DEBUG o.s.security.web.FilterChainProxy - Secured GET /api/v1/products?keyword=&page=0&limit=12
2024-10-02 23:42:07 DEBUG o.s.s.a.m.AuthorizationManagerBeforeMethodInterceptor - Authorizing method invocation ReflectiveMethodInvocation: public org.springframework.http.ResponseEntity com.project.shopapp.controller.ProductController.getAllProducts(java.lang.String,java.lang.Long,int,int) throws com.fasterxml.jackson.core.JsonProcessingException; target is of class [com.project.shopapp.controller.ProductController]
2024-10-02 23:42:07 DEBUG o.s.s.a.m.AuthorizationManagerBeforeMethodInterceptor - Authorized method invocation ReflectiveMethodInvocation: public org.springframework.http.ResponseEntity com.project.shopapp.controller.ProductController.getAllProducts(java.lang.String,java.lang.Long,int,int) throws com.fasterxml.jackson.core.JsonProcessingException; target is of class [com.project.shopapp.controller.ProductController]
2024-10-02 23:42:07 INFO  c.p.s.controller.ProductController - keyword = , category_id = 0, page = 0, limit = 12
2024-10-02 23:42:08 TRACE o.s.s.w.h.writers.HstsHeaderWriter - Not injecting HSTS header since it did not match request to [Is Secure]
2024-10-02 23:42:08 TRACE o.s.security.web.FilterChainProxy - Trying to match request against DefaultSecurityFilterChain [RequestMatcher=any request, Filters=[org.springframework.security.web.session.DisableEncodeUrlFilter@7d16b06c, org.springframework.security.web.context.request.async.WebAsyncManagerIntegrationFilter@791b0169, org.springframework.security.web.context.SecurityContextHolderFilter@5c0ea6d4, org.springframework.security.web.header.HeaderWriterFilter@401e5e83, org.springframework.web.filter.CorsFilter@3f683fb5, org.springframework.security.web.authentication.logout.LogoutFilter@19b4787c, com.project.shopapp.filter.JwtTokenFilter@2ac58d, org.springframework.security.web.savedrequest.RequestCacheAwareFilter@31e420b5, org.springframework.security.web.servletapi.SecurityContextHolderAwareRequestFilter@c6c4509, org.springframework.security.web.authentication.AnonymousAuthenticationFilter@fb9370b, org.springframework.security.web.session.SessionManagementFilter@d609083, org.springframework.security.web.access.ExceptionTranslationFilter@32497957, org.springframework.security.web.access.intercept.AuthorizationFilter@2860427c]] (1/1)
2024-10-02 23:42:08 DEBUG o.s.security.web.FilterChainProxy - Securing GET /error?keyword=&page=0&limit=12
2024-10-02 23:42:08 TRACE o.s.security.web.FilterChainProxy - Invoking DisableEncodeUrlFilter (1/13)
2024-10-02 23:42:08 TRACE o.s.security.web.FilterChainProxy - Invoking WebAsyncManagerIntegrationFilter (2/13)
2024-10-02 23:42:08 TRACE o.s.security.web.FilterChainProxy - Invoking SecurityContextHolderFilter (3/13)
2024-10-02 23:42:08 TRACE o.s.security.web.FilterChainProxy - Invoking HeaderWriterFilter (4/13)
2024-10-02 23:42:08 TRACE o.s.security.web.FilterChainProxy - Invoking CorsFilter (5/13)
2024-10-02 23:42:08 TRACE o.s.security.web.FilterChainProxy - Invoking LogoutFilter (6/13)
2024-10-02 23:42:08 TRACE o.s.s.w.a.logout.LogoutFilter - Did not match request to Or [Ant [pattern='/logout', GET], Ant [pattern='/logout', POST], Ant [pattern='/logout', PUT], Ant [pattern='/logout', DELETE]]
2024-10-02 23:42:08 TRACE o.s.security.web.FilterChainProxy - Invoking JwtTokenFilter (7/13)
2024-10-02 23:42:08 TRACE o.s.security.web.FilterChainProxy - Invoking RequestCacheAwareFilter (8/13)
2024-10-02 23:42:08 TRACE o.s.security.web.FilterChainProxy - Invoking SecurityContextHolderAwareRequestFilter (9/13)
2024-10-02 23:42:08 TRACE o.s.security.web.FilterChainProxy - Invoking AnonymousAuthenticationFilter (10/13)
2024-10-02 23:42:08 TRACE o.s.security.web.FilterChainProxy - Invoking SessionManagementFilter (11/13)
2024-10-02 23:42:08 TRACE o.s.security.web.FilterChainProxy - Invoking ExceptionTranslationFilter (12/13)
2024-10-02 23:42:08 TRACE o.s.security.web.FilterChainProxy - Invoking AuthorizationFilter (13/13)
2024-10-02 23:42:08 TRACE o.s.s.w.a.i.RequestMatcherDelegatingAuthorizationManager - Authorizing GET /error?keyword=&page=0&limit=12
2024-10-02 23:42:08 TRACE o.s.s.w.a.i.RequestMatcherDelegatingAuthorizationManager - Checking authorization on GET /error?keyword=&page=0&limit=12 using org.springframework.security.authorization.AuthenticatedAuthorizationManager@38df55e8
2024-10-02 23:42:08 TRACE o.s.s.w.c.SupplierDeferredSecurityContext - Created SecurityContextImpl [Null authentication]
2024-10-02 23:42:08 TRACE o.s.s.w.a.AnonymousAuthenticationFilter - Set SecurityContextHolder to AnonymousAuthenticationToken [Principal=anonymousUser, Credentials=[PROTECTED], Authenticated=true, Details=WebAuthenticationDetails [RemoteIpAddress=0:0:0:0:0:0:0:1, SessionId=null], Granted Authorities=[ROLE_ANONYMOUS]]
2024-10-02 23:42:08 TRACE o.s.s.w.a.ExceptionTranslationFilter - Sending AnonymousAuthenticationToken [Principal=anonymousUser, Credentials=[PROTECTED], Authenticated=true, Details=WebAuthenticationDetails [RemoteIpAddress=0:0:0:0:0:0:0:1, SessionId=null], Granted Authorities=[ROLE_ANONYMOUS]] to authentication entry point since access is denied
org.springframework.security.access.AccessDeniedException: Access Denied
	at org.springframework.security.web.access.intercept.AuthorizationFilter.doFilter(AuthorizationFilter.java:98)
	at org.springframework.security.web.ObservationFilterChainDecorator$ObservationFilter.wrapFilter(ObservationFilterChainDecorator.java:240)
	at org.springframework.security.web.ObservationFilterChainDecorator$ObservationFilter.doFilter(ObservationFilterChainDecorator.java:227)
	at org.springframework.security.web.ObservationFilterChainDecorator$VirtualFilterChain.doFilter(ObservationFilterChainDecorator.java:137)
	at org.springframework.security.web.access.ExceptionTranslationFilter.doFilter(ExceptionTranslationFilter.java:126)
	at org.springframework.security.web.access.ExceptionTranslationFilter.doFilter(ExceptionTranslationFilter.java:120)
	at org.springframework.security.web.ObservationFilterChainDecorator$ObservationFilter.wrapFilter(ObservationFilterChainDecorator.java:240)
	at org.springframework.security.web.ObservationFilterChainDecorator$ObservationFilter.doFilter(ObservationFilterChainDecorator.java:227)
	at org.springframework.security.web.ObservationFilterChainDecorator$VirtualFilterChain.doFilter(ObservationFilterChainDecorator.java:137)
	at org.springframework.security.web.session.SessionManagementFilter.doFilter(SessionManagementFilter.java:91)
	at org.springframework.security.web.session.SessionManagementFilter.doFilter(SessionManagementFilter.java:85)
	at org.springframework.security.web.ObservationFilterChainDecorator$ObservationFilter.wrapFilter(ObservationFilterChainDecorator.java:240)
	at org.springframework.security.web.ObservationFilterChainDecorator$ObservationFilter.doFilter(ObservationFilterChainDecorator.java:227)
	at org.springframework.security.web.ObservationFilterChainDecorator$VirtualFilterChain.doFilter(ObservationFilterChainDecorator.java:137)
	at org.springframework.security.web.authentication.AnonymousAuthenticationFilter.doFilter(AnonymousAuthenticationFilter.java:100)
	at org.springframework.security.web.ObservationFilterChainDecorator$ObservationFilter.wrapFilter(ObservationFilterChainDecorator.java:240)
	at org.springframework.security.web.ObservationFilterChainDecorator$ObservationFilter.doFilter(ObservationFilterChainDecorator.java:227)
	at org.springframework.security.web.ObservationFilterChainDecorator$VirtualFilterChain.doFilter(ObservationFilterChainDecorator.java:137)
	at org.springframework.security.web.servletapi.SecurityContextHolderAwareRequestFilter.doFilter(SecurityContextHolderAwareRequestFilter.java:179)
	at org.springframework.security.web.ObservationFilterChainDecorator$ObservationFilter.wrapFilter(ObservationFilterChainDecorator.java:240)
	at org.springframework.security.web.ObservationFilterChainDecorator$ObservationFilter.doFilter(ObservationFilterChainDecorator.java:227)
	at org.springframework.security.web.ObservationFilterChainDecorator$VirtualFilterChain.doFilter(ObservationFilterChainDecorator.java:137)
	at org.springframework.security.web.savedrequest.RequestCacheAwareFilter.doFilter(RequestCacheAwareFilter.java:63)
	at org.springframework.security.web.ObservationFilterChainDecorator$ObservationFilter.wrapFilter(ObservationFilterChainDecorator.java:240)
	at org.springframework.security.web.ObservationFilterChainDecorator$ObservationFilter.doFilter(ObservationFilterChainDecorator.java:227)
	at org.springframework.security.web.ObservationFilterChainDecorator$VirtualFilterChain.doFilter(ObservationFilterChainDecorator.java:137)
	at org.springframework.web.filter.OncePerRequestFilter.doFilter(OncePerRequestFilter.java:101)
	at org.springframework.security.web.ObservationFilterChainDecorator$ObservationFilter.wrapFilter(ObservationFilterChainDecorator.java:240)
	at org.springframework.security.web.ObservationFilterChainDecorator$ObservationFilter.doFilter(ObservationFilterChainDecorator.java:227)
	at org.springframework.security.web.ObservationFilterChainDecorator$VirtualFilterChain.doFilter(ObservationFilterChainDecorator.java:137)
	at org.springframework.security.web.authentication.logout.LogoutFilter.doFilter(LogoutFilter.java:107)
	at org.springframework.security.web.authentication.logout.LogoutFilter.doFilter(LogoutFilter.java:93)
	at org.springframework.security.web.ObservationFilterChainDecorator$ObservationFilter.wrapFilter(ObservationFilterChainDecorator.java:240)
	at org.springframework.security.web.ObservationFilterChainDecorator$ObservationFilter.doFilter(ObservationFilterChainDecorator.java:227)
	at org.springframework.security.web.ObservationFilterChainDecorator$VirtualFilterChain.doFilter(ObservationFilterChainDecorator.java:137)
	at org.springframework.web.filter.OncePerRequestFilter.doFilter(OncePerRequestFilter.java:101)
	at org.springframework.security.web.ObservationFilterChainDecorator$ObservationFilter.wrapFilter(ObservationFilterChainDecorator.java:240)
	at org.springframework.security.web.ObservationFilterChainDecorator$ObservationFilter.doFilter(ObservationFilterChainDecorator.java:227)
	at org.springframework.security.web.ObservationFilterChainDecorator$VirtualFilterChain.doFilter(ObservationFilterChainDecorator.java:137)
	at org.springframework.web.filter.OncePerRequestFilter.doFilter(OncePerRequestFilter.java:101)
	at org.springframework.security.web.ObservationFilterChainDecorator$ObservationFilter.wrapFilter(ObservationFilterChainDecorator.java:240)
	at org.springframework.security.web.ObservationFilterChainDecorator$ObservationFilter.doFilter(ObservationFilterChainDecorator.java:227)
	at org.springframework.security.web.ObservationFilterChainDecorator$VirtualFilterChain.doFilter(ObservationFilterChainDecorator.java:137)
	at org.springframework.security.web.context.SecurityContextHolderFilter.doFilter(SecurityContextHolderFilter.java:82)
	at org.springframework.security.web.context.SecurityContextHolderFilter.doFilter(SecurityContextHolderFilter.java:69)
	at org.springframework.security.web.ObservationFilterChainDecorator$ObservationFilter.wrapFilter(ObservationFilterChainDecorator.java:240)
	at org.springframework.security.web.ObservationFilterChainDecorator$ObservationFilter.doFilter(ObservationFilterChainDecorator.java:227)
	at org.springframework.security.web.ObservationFilterChainDecorator$VirtualFilterChain.doFilter(ObservationFilterChainDecorator.java:137)
	at org.springframework.web.filter.OncePerRequestFilter.doFilter(OncePerRequestFilter.java:101)
	at org.springframework.security.web.ObservationFilterChainDecorator$ObservationFilter.wrapFilter(ObservationFilterChainDecorator.java:240)
	at org.springframework.security.web.ObservationFilterChainDecorator$ObservationFilter.doFilter(ObservationFilterChainDecorator.java:227)
	at org.springframework.security.web.ObservationFilterChainDecorator$VirtualFilterChain.doFilter(ObservationFilterChainDecorator.java:137)
	at org.springframework.web.filter.OncePerRequestFilter.doFilter(OncePerRequestFilter.java:101)
	at org.springframework.security.web.ObservationFilterChainDecorator$ObservationFilter.wrapFilter(ObservationFilterChainDecorator.java:240)
	at org.springframework.security.web.ObservationFilterChainDecorator$AroundFilterObservation$SimpleAroundFilterObservation.lambda$wrap$0(ObservationFilterChainDecorator.java:323)
	at org.springframework.security.web.ObservationFilterChainDecorator$ObservationFilter.doFilter(ObservationFilterChainDecorator.java:224)
	at org.springframework.security.web.ObservationFilterChainDecorator$VirtualFilterChain.doFilter(ObservationFilterChainDecorator.java:137)
	at org.springframework.security.web.FilterChainProxy.doFilterInternal(FilterChainProxy.java:233)
	at org.springframework.security.web.FilterChainProxy.doFilter(FilterChainProxy.java:191)
	at org.springframework.web.filter.CompositeFilter$VirtualFilterChain.doFilter(CompositeFilter.java:113)
	at org.springframework.web.servlet.handler.HandlerMappingIntrospector.lambda$createCacheFilter$3(HandlerMappingIntrospector.java:195)
	at org.springframework.web.filter.CompositeFilter$VirtualFilterChain.doFilter(CompositeFilter.java:113)
	at org.springframework.web.filter.CompositeFilter.doFilter(CompositeFilter.java:74)
	at org.springframework.security.config.annotation.web.configuration.WebMvcSecurityConfiguration$CompositeFilterChainProxy.doFilter(WebMvcSecurityConfiguration.java:230)
	at org.springframework.web.filter.DelegatingFilterProxy.invokeDelegate(DelegatingFilterProxy.java:352)
	at org.springframework.web.filter.DelegatingFilterProxy.doFilter(DelegatingFilterProxy.java:268)
	at org.apache.catalina.core.ApplicationFilterChain.internalDoFilter(ApplicationFilterChain.java:164)
	at org.apache.catalina.core.ApplicationFilterChain.doFilter(ApplicationFilterChain.java:140)
	at org.springframework.web.filter.RequestContextFilter.doFilterInternal(RequestContextFilter.java:100)
	at org.springframework.web.filter.OncePerRequestFilter.doFilter(OncePerRequestFilter.java:116)
	at org.apache.catalina.core.ApplicationFilterChain.internalDoFilter(ApplicationFilterChain.java:164)
	at org.apache.catalina.core.ApplicationFilterChain.doFilter(ApplicationFilterChain.java:140)
	at org.springframework.web.filter.OncePerRequestFilter.doFilter(OncePerRequestFilter.java:101)
	at org.apache.catalina.core.ApplicationFilterChain.internalDoFilter(ApplicationFilterChain.java:164)
	at org.apache.catalina.core.ApplicationFilterChain.doFilter(ApplicationFilterChain.java:140)
	at org.springframework.web.filter.OncePerRequestFilter.doFilter(OncePerRequestFilter.java:101)
	at org.apache.catalina.core.ApplicationFilterChain.internalDoFilter(ApplicationFilterChain.java:164)
	at org.apache.catalina.core.ApplicationFilterChain.doFilter(ApplicationFilterChain.java:140)
	at org.springframework.web.filter.OncePerRequestFilter.doFilter(OncePerRequestFilter.java:101)
	at org.apache.catalina.core.ApplicationFilterChain.internalDoFilter(ApplicationFilterChain.java:164)
	at org.apache.catalina.core.ApplicationFilterChain.doFilter(ApplicationFilterChain.java:140)
	at org.apache.catalina.core.ApplicationDispatcher.invoke(ApplicationDispatcher.java:632)
	at org.apache.catalina.core.ApplicationDispatcher.processRequest(ApplicationDispatcher.java:410)
	at org.apache.catalina.core.ApplicationDispatcher.doForward(ApplicationDispatcher.java:330)
	at org.apache.catalina.core.ApplicationDispatcher.forward(ApplicationDispatcher.java:267)
	at org.apache.catalina.core.StandardHostValve.custom(StandardHostValve.java:362)
	at org.apache.catalina.core.StandardHostValve.status(StandardHostValve.java:222)
	at org.apache.catalina.core.StandardHostValve.invoke(StandardHostValve.java:151)
	at org.apache.catalina.valves.ErrorReportValve.invoke(ErrorReportValve.java:93)
	at org.apache.catalina.core.StandardEngineValve.invoke(StandardEngineValve.java:74)
	at org.apache.catalina.connector.CoyoteAdapter.service(CoyoteAdapter.java:344)
	at org.apache.coyote.http11.Http11Processor.service(Http11Processor.java:389)
	at org.apache.coyote.AbstractProcessorLight.process(AbstractProcessorLight.java:63)
	at org.apache.coyote.AbstractProtocol$ConnectionHandler.process(AbstractProtocol.java:904)
	at org.apache.tomcat.util.net.NioEndpoint$SocketProcessor.doRun(NioEndpoint.java:1741)
	at org.apache.tomcat.util.net.SocketProcessorBase.run(SocketProcessorBase.java:52)
	at org.apache.tomcat.util.threads.ThreadPoolExecutor.runWorker(ThreadPoolExecutor.java:1190)
	at org.apache.tomcat.util.threads.ThreadPoolExecutor$Worker.run(ThreadPoolExecutor.java:659)
	at org.apache.tomcat.util.threads.TaskThread$WrappingRunnable.run(TaskThread.java:63)
	at java.base/java.lang.Thread.run(Thread.java:1623)
2024-10-02 23:42:08 DEBUG o.s.s.w.a.Http403ForbiddenEntryPoint - Pre-authenticated entry point called. Rejecting access
2024-10-02 23:42:57 INFO  o.h.validator.internal.util.Version - HV000001: Hibernate Validator 8.0.1.Final
2024-10-02 23:42:57 INFO  c.project.shopapp.ShopappApplication - Starting ShopappApplication using Java 20.0.2.1 with PID 16516 (D:\ideaIU\Work\ShopApp\shopapp-backend\target\classes started by Admin in D:\ideaIU\Work\ShopApp\shopapp-backend)
2024-10-02 23:42:57 INFO  c.project.shopapp.ShopappApplication - No active profile set, falling back to 1 default profile: "default"
2024-10-02 23:42:59 INFO  o.a.coyote.http11.Http11NioProtocol - Initializing ProtocolHandler ["http-nio-8088"]
2024-10-02 23:42:59 INFO  o.a.catalina.core.StandardService - Starting service [Tomcat]
2024-10-02 23:42:59 INFO  o.a.catalina.core.StandardEngine - Starting Servlet engine: [Apache Tomcat/10.1.25]
2024-10-02 23:42:59 INFO  o.a.c.c.C.[Tomcat].[localhost].[/] - Initializing Spring embedded WebApplicationContext
2024-10-02 23:42:59 INFO  org.flywaydb.core.FlywayExecutor - Database: jdbc:mysql://localhost:3306/ShopApp (MySQL 5.5)
2024-10-02 23:42:59 INFO  o.f.core.internal.command.DbValidate - Successfully validated 7 migrations (execution time 00:00.024s)
2024-10-02 23:42:59 INFO  o.f.core.internal.command.DbMigrate - Current version of schema `shopapp`: 8
2024-10-02 23:42:59 INFO  o.f.core.internal.command.DbMigrate - Schema `shopapp` is up to date. No migration necessary.
2024-10-02 23:43:00 INFO  o.h.jpa.internal.util.LogHelper - HHH000204: Processing PersistenceUnitInfo [name: default]
2024-10-02 23:43:00 INFO  org.hibernate.Version - HHH000412: Hibernate ORM core version 6.5.2.Final
2024-10-02 23:43:00 INFO  o.h.c.i.RegionFactoryInitiator - HHH000026: Second-level cache disabled
2024-10-02 23:43:00 WARN  org.hibernate.dialect.Dialect - HHH000511: The 5.5.5 version for [org.hibernate.dialect.MySQLDialect] is no longer supported, hence certain features may not work properly. The minimum supported version is 8.0.0. Check the community dialects project for available legacy versions.
2024-10-02 23:43:01 INFO  o.h.e.t.j.p.i.JtaPlatformInitiator - HHH000489: No JTA platform available (set 'hibernate.transaction.jta.platform' to enable JTA platform integration)
2024-10-02 23:43:02 WARN  o.s.b.a.o.j.JpaBaseConfiguration$JpaWebConfiguration - spring.jpa.open-in-view is enabled by default. Therefore, database queries may be performed during view rendering. Explicitly configure spring.jpa.open-in-view to disable this warning
2024-10-02 23:43:03 TRACE o.s.s.c.a.a.c.AuthenticationConfiguration$EnableGlobalAuthenticationAutowiredConfigurer - Eagerly initializing {org.springframework.boot.autoconfigure.security.servlet.SpringBootWebSecurityConfiguration$WebSecurityEnablerConfiguration=org.springframework.boot.autoconfigure.security.servlet.SpringBootWebSecurityConfiguration$WebSecurityEnablerConfiguration@5735f981}
2024-10-02 23:43:03 INFO  o.s.s.c.a.a.c.InitializeUserDetailsBeanManagerConfigurer$InitializeUserDetailsManagerConfigurer - Global AuthenticationManager configured with UserDetailsService bean with name customerUserDetailsService
2024-10-02 23:43:03 DEBUG o.s.s.web.DefaultSecurityFilterChain - Will secure any request with filters: DisableEncodeUrlFilter, WebAsyncManagerIntegrationFilter, SecurityContextHolderFilter, HeaderWriterFilter, CorsFilter, LogoutFilter, JwtTokenFilter, RequestCacheAwareFilter, SecurityContextHolderAwareRequestFilter, AnonymousAuthenticationFilter, SessionManagementFilter, ExceptionTranslationFilter, AuthorizationFilter
2024-10-02 23:43:04 INFO  o.a.coyote.http11.Http11NioProtocol - Starting ProtocolHandler ["http-nio-8088"]
2024-10-02 23:43:04 INFO  c.project.shopapp.ShopappApplication - Started ShopappApplication in 6.847 seconds (process running for 7.728)
2024-10-02 23:43:04 INFO  o.a.c.c.C.[Tomcat].[localhost].[/] - Initializing Spring DispatcherServlet 'dispatcherServlet'
2024-10-02 23:43:04 WARN  o.s.b.a.d.r.RedisReactiveHealthIndicator - Redis health check failed
org.springframework.data.redis.RedisConnectionFailureException: Unable to connect to Redis
	at org.springframework.data.redis.connection.lettuce.LettuceConnectionFactory$ExceptionTranslatingConnectionProvider.translateException(LettuceConnectionFactory.java:1847)
	at org.springframework.data.redis.connection.lettuce.LettuceConnectionFactory$ExceptionTranslatingConnectionProvider.getConnection(LettuceConnectionFactory.java:1778)
	at org.springframework.data.redis.connection.lettuce.LettuceConnectionFactory$SharedConnection.getNativeConnection(LettuceConnectionFactory.java:1580)
	at org.springframework.data.redis.connection.lettuce.LettuceConnectionFactory$SharedConnection.lambda$getConnection$0(LettuceConnectionFactory.java:1560)
	at org.springframework.data.redis.connection.lettuce.LettuceConnectionFactory.doInLock(LettuceConnectionFactory.java:1521)
	at org.springframework.data.redis.connection.lettuce.LettuceConnectionFactory$SharedConnection.getConnection(LettuceConnectionFactory.java:1557)
	at org.springframework.data.redis.connection.lettuce.LettuceConnectionFactory.getSharedReactiveConnection(LettuceConnectionFactory.java:1268)
	at org.springframework.data.redis.connection.lettuce.LettuceConnectionFactory.getReactiveConnection(LettuceConnectionFactory.java:1143)
	at org.springframework.data.redis.connection.lettuce.LettuceConnectionFactory.getReactiveConnection(LettuceConnectionFactory.java:119)
	at reactor.core.publisher.MonoSupplier.call(MonoSupplier.java:67)
	at reactor.core.publisher.FluxSubscribeOnCallable$CallableSubscribeOnSubscription.run(FluxSubscribeOnCallable.java:228)
	at reactor.core.scheduler.SchedulerTask.call(SchedulerTask.java:68)
	at reactor.core.scheduler.SchedulerTask.call(SchedulerTask.java:28)
	at java.base/java.util.concurrent.FutureTask.run$$$capture(FutureTask.java:317)
	at java.base/java.util.concurrent.FutureTask.run(FutureTask.java)
	at java.base/java.util.concurrent.ScheduledThreadPoolExecutor$ScheduledFutureTask.run(ScheduledThreadPoolExecutor.java:304)
	at java.base/java.util.concurrent.ThreadPoolExecutor.runWorker(ThreadPoolExecutor.java:1144)
	at java.base/java.util.concurrent.ThreadPoolExecutor$Worker.run(ThreadPoolExecutor.java:642)
	at java.base/java.lang.Thread.run(Thread.java:1623)
Caused by: io.lettuce.core.RedisConnectionException: Unable to connect to localhost/<unresolved>:6379
	at io.lettuce.core.RedisConnectionException.create(RedisConnectionException.java:78)
	at io.lettuce.core.RedisConnectionException.create(RedisConnectionException.java:56)
	at io.lettuce.core.AbstractRedisClient.getConnection(AbstractRedisClient.java:350)
	at io.lettuce.core.RedisClient.connect(RedisClient.java:215)
	at org.springframework.data.redis.connection.lettuce.StandaloneConnectionProvider.lambda$getConnection$1(StandaloneConnectionProvider.java:112)
	at java.base/java.util.Optional.orElseGet(Optional.java:364)
	at org.springframework.data.redis.connection.lettuce.StandaloneConnectionProvider.getConnection(StandaloneConnectionProvider.java:112)
	at org.springframework.data.redis.connection.lettuce.LettuceConnectionFactory$ExceptionTranslatingConnectionProvider.getConnection(LettuceConnectionFactory.java:1776)
	... 17 common frames omitted
Caused by: io.netty.channel.AbstractChannel$AnnotatedConnectException: Connection refused: no further information: localhost/127.0.0.1:6379
Caused by: java.net.ConnectException: Connection refused: no further information
	at java.base/sun.nio.ch.Net.pollConnect(Native Method)
	at java.base/sun.nio.ch.Net.pollConnectNow(Net.java:673)
	at java.base/sun.nio.ch.SocketChannelImpl.finishConnect(SocketChannelImpl.java:973)
	at io.netty.channel.socket.nio.NioSocketChannel.doFinishConnect(NioSocketChannel.java:336)
	at io.netty.channel.nio.AbstractNioChannel$AbstractNioUnsafe.finishConnect(AbstractNioChannel.java:339)
	at io.netty.channel.nio.NioEventLoop.processSelectedKey(NioEventLoop.java:776)
	at io.netty.channel.nio.NioEventLoop.processSelectedKeysOptimized(NioEventLoop.java:724)
	at io.netty.channel.nio.NioEventLoop.processSelectedKeys(NioEventLoop.java:650)
	at io.netty.channel.nio.NioEventLoop.run(NioEventLoop.java:562)
	at io.netty.util.concurrent.SingleThreadEventExecutor$4.run(SingleThreadEventExecutor.java:994)
	at io.netty.util.internal.ThreadExecutorMap$2.run(ThreadExecutorMap.java:74)
	at io.netty.util.concurrent.FastThreadLocalRunnable.run(FastThreadLocalRunnable.java:30)
	at java.base/java.lang.Thread.run(Thread.java:1623)
2024-10-02 23:43:26 INFO  o.h.validator.internal.util.Version - HV000001: Hibernate Validator 8.0.1.Final
2024-10-02 23:43:26 INFO  c.project.shopapp.ShopappApplication - Starting ShopappApplication using Java 20.0.2.1 with PID 22840 (D:\ideaIU\Work\ShopApp\shopapp-backend\target\classes started by Admin in D:\ideaIU\Work\ShopApp\shopapp-backend)
2024-10-02 23:43:26 INFO  c.project.shopapp.ShopappApplication - No active profile set, falling back to 1 default profile: "default"
2024-10-02 23:43:28 INFO  o.a.coyote.http11.Http11NioProtocol - Initializing ProtocolHandler ["http-nio-8088"]
2024-10-02 23:43:28 INFO  o.a.catalina.core.StandardService - Starting service [Tomcat]
2024-10-02 23:43:28 INFO  o.a.catalina.core.StandardEngine - Starting Servlet engine: [Apache Tomcat/10.1.25]
2024-10-02 23:43:28 INFO  o.a.c.c.C.[Tomcat].[localhost].[/] - Initializing Spring embedded WebApplicationContext
2024-10-02 23:43:29 INFO  org.flywaydb.core.FlywayExecutor - Database: jdbc:mysql://localhost:3306/ShopApp (MySQL 5.5)
2024-10-02 23:43:29 INFO  o.f.core.internal.command.DbValidate - Successfully validated 7 migrations (execution time 00:00.026s)
2024-10-02 23:43:29 INFO  o.f.core.internal.command.DbMigrate - Current version of schema `shopapp`: 8
2024-10-02 23:43:29 INFO  o.f.core.internal.command.DbMigrate - Schema `shopapp` is up to date. No migration necessary.
2024-10-02 23:43:29 INFO  o.h.jpa.internal.util.LogHelper - HHH000204: Processing PersistenceUnitInfo [name: default]
2024-10-02 23:43:29 INFO  org.hibernate.Version - HHH000412: Hibernate ORM core version 6.5.2.Final
2024-10-02 23:43:29 INFO  o.h.c.i.RegionFactoryInitiator - HHH000026: Second-level cache disabled
2024-10-02 23:43:29 WARN  org.hibernate.dialect.Dialect - HHH000511: The 5.5.5 version for [org.hibernate.dialect.MySQLDialect] is no longer supported, hence certain features may not work properly. The minimum supported version is 8.0.0. Check the community dialects project for available legacy versions.
2024-10-02 23:43:30 INFO  o.h.e.t.j.p.i.JtaPlatformInitiator - HHH000489: No JTA platform available (set 'hibernate.transaction.jta.platform' to enable JTA platform integration)
2024-10-02 23:43:31 WARN  o.s.b.a.o.j.JpaBaseConfiguration$JpaWebConfiguration - spring.jpa.open-in-view is enabled by default. Therefore, database queries may be performed during view rendering. Explicitly configure spring.jpa.open-in-view to disable this warning
2024-10-02 23:43:32 TRACE o.s.s.c.a.a.c.AuthenticationConfiguration$EnableGlobalAuthenticationAutowiredConfigurer - Eagerly initializing {org.springframework.boot.autoconfigure.security.servlet.SpringBootWebSecurityConfiguration$WebSecurityEnablerConfiguration=org.springframework.boot.autoconfigure.security.servlet.SpringBootWebSecurityConfiguration$WebSecurityEnablerConfiguration@532b06f3}
2024-10-02 23:43:32 INFO  o.s.s.c.a.a.c.InitializeUserDetailsBeanManagerConfigurer$InitializeUserDetailsManagerConfigurer - Global AuthenticationManager configured with UserDetailsService bean with name customerUserDetailsService
2024-10-02 23:43:32 DEBUG o.s.s.web.DefaultSecurityFilterChain - Will secure any request with filters: DisableEncodeUrlFilter, WebAsyncManagerIntegrationFilter, SecurityContextHolderFilter, HeaderWriterFilter, CorsFilter, LogoutFilter, JwtTokenFilter, RequestCacheAwareFilter, SecurityContextHolderAwareRequestFilter, AnonymousAuthenticationFilter, SessionManagementFilter, ExceptionTranslationFilter, AuthorizationFilter
2024-10-02 23:43:33 INFO  o.a.coyote.http11.Http11NioProtocol - Starting ProtocolHandler ["http-nio-8088"]
2024-10-02 23:43:33 INFO  c.project.shopapp.ShopappApplication - Started ShopappApplication in 6.935 seconds (process running for 7.609)
2024-10-02 23:43:33 INFO  o.a.c.c.C.[Tomcat].[localhost].[/] - Initializing Spring DispatcherServlet 'dispatcherServlet'
2024-10-02 23:43:35 TRACE o.s.security.web.FilterChainProxy - Trying to match request against DefaultSecurityFilterChain [RequestMatcher=any request, Filters=[org.springframework.security.web.session.DisableEncodeUrlFilter@6a0246d8, org.springframework.security.web.context.request.async.WebAsyncManagerIntegrationFilter@497f7a53, org.springframework.security.web.context.SecurityContextHolderFilter@2ba0bf9c, org.springframework.security.web.header.HeaderWriterFilter@564d535c, org.springframework.web.filter.CorsFilter@51b8f5db, org.springframework.security.web.authentication.logout.LogoutFilter@467c9ad9, com.project.shopapp.filter.JwtTokenFilter@357a530c, org.springframework.security.web.savedrequest.RequestCacheAwareFilter@3a33872d, org.springframework.security.web.servletapi.SecurityContextHolderAwareRequestFilter@3a9d395a, org.springframework.security.web.authentication.AnonymousAuthenticationFilter@67381cd2, org.springframework.security.web.session.SessionManagementFilter@5aefdd21, org.springframework.security.web.access.ExceptionTranslationFilter@6861e61a, org.springframework.security.web.access.intercept.AuthorizationFilter@6790e30b]] (1/1)
2024-10-02 23:43:35 DEBUG o.s.security.web.FilterChainProxy - Securing GET /api/v1/products?keyword=&page=0&limit=12
2024-10-02 23:43:35 TRACE o.s.security.web.FilterChainProxy - Invoking DisableEncodeUrlFilter (1/13)
2024-10-02 23:43:35 TRACE o.s.security.web.FilterChainProxy - Invoking WebAsyncManagerIntegrationFilter (2/13)
2024-10-02 23:43:35 TRACE o.s.security.web.FilterChainProxy - Invoking SecurityContextHolderFilter (3/13)
2024-10-02 23:43:35 TRACE o.s.security.web.FilterChainProxy - Invoking HeaderWriterFilter (4/13)
2024-10-02 23:43:35 TRACE o.s.security.web.FilterChainProxy - Invoking CorsFilter (5/13)
2024-10-02 23:43:35 TRACE o.s.security.web.FilterChainProxy - Invoking LogoutFilter (6/13)
2024-10-02 23:43:35 TRACE o.s.s.w.a.logout.LogoutFilter - Did not match request to Or [Ant [pattern='/logout', GET], Ant [pattern='/logout', POST], Ant [pattern='/logout', PUT], Ant [pattern='/logout', DELETE]]
2024-10-02 23:43:35 TRACE o.s.security.web.FilterChainProxy - Invoking JwtTokenFilter (7/13)
2024-10-02 23:43:39 TRACE o.s.security.web.FilterChainProxy - Invoking RequestCacheAwareFilter (8/13)
2024-10-02 23:43:39 TRACE o.s.security.web.FilterChainProxy - Invoking SecurityContextHolderAwareRequestFilter (9/13)
2024-10-02 23:43:39 TRACE o.s.security.web.FilterChainProxy - Invoking AnonymousAuthenticationFilter (10/13)
2024-10-02 23:43:39 TRACE o.s.security.web.FilterChainProxy - Invoking SessionManagementFilter (11/13)
2024-10-02 23:43:39 TRACE o.s.s.w.c.SupplierDeferredSecurityContext - Created SecurityContextImpl [Null authentication]
2024-10-02 23:43:39 TRACE o.s.s.w.a.AnonymousAuthenticationFilter - Set SecurityContextHolder to AnonymousAuthenticationToken [Principal=anonymousUser, Credentials=[PROTECTED], Authenticated=true, Details=WebAuthenticationDetails [RemoteIpAddress=0:0:0:0:0:0:0:1, SessionId=null], Granted Authorities=[ROLE_ANONYMOUS]]
2024-10-02 23:43:39 TRACE o.s.security.web.FilterChainProxy - Invoking ExceptionTranslationFilter (12/13)
2024-10-02 23:43:39 TRACE o.s.security.web.FilterChainProxy - Invoking AuthorizationFilter (13/13)
2024-10-02 23:43:39 TRACE o.s.s.w.a.i.RequestMatcherDelegatingAuthorizationManager - Authorizing GET /api/v1/products?keyword=&page=0&limit=12
2024-10-02 23:43:39 TRACE o.s.s.w.a.i.RequestMatcherDelegatingAuthorizationManager - Checking authorization on GET /api/v1/products?keyword=&page=0&limit=12 using org.springframework.security.config.annotation.web.configurers.AuthorizeHttpRequestsConfigurer$$Lambda$1939/0x000001bfa35b32c8@758b9df
2024-10-02 23:43:39 DEBUG o.s.security.web.FilterChainProxy - Secured GET /api/v1/products?keyword=&page=0&limit=12
2024-10-02 23:43:39 DEBUG o.s.s.a.m.AuthorizationManagerBeforeMethodInterceptor - Authorizing method invocation ReflectiveMethodInvocation: public org.springframework.http.ResponseEntity com.project.shopapp.controller.ProductController.getAllProducts(java.lang.String,java.lang.Long,int,int) throws com.fasterxml.jackson.core.JsonProcessingException; target is of class [com.project.shopapp.controller.ProductController]
2024-10-02 23:43:39 DEBUG o.s.s.a.m.AuthorizationManagerBeforeMethodInterceptor - Authorized method invocation ReflectiveMethodInvocation: public org.springframework.http.ResponseEntity com.project.shopapp.controller.ProductController.getAllProducts(java.lang.String,java.lang.Long,int,int) throws com.fasterxml.jackson.core.JsonProcessingException; target is of class [com.project.shopapp.controller.ProductController]
2024-10-02 23:43:41 INFO  c.p.s.controller.ProductController - keyword = , category_id = 0, page = 0, limit = 12
2024-10-02 23:43:42 TRACE o.s.s.w.h.writers.HstsHeaderWriter - Not injecting HSTS header since it did not match request to [Is Secure]
2024-10-02 23:44:57 TRACE o.s.security.web.FilterChainProxy - Trying to match request against DefaultSecurityFilterChain [RequestMatcher=any request, Filters=[org.springframework.security.web.session.DisableEncodeUrlFilter@6a0246d8, org.springframework.security.web.context.request.async.WebAsyncManagerIntegrationFilter@497f7a53, org.springframework.security.web.context.SecurityContextHolderFilter@2ba0bf9c, org.springframework.security.web.header.HeaderWriterFilter@564d535c, org.springframework.web.filter.CorsFilter@51b8f5db, org.springframework.security.web.authentication.logout.LogoutFilter@467c9ad9, com.project.shopapp.filter.JwtTokenFilter@357a530c, org.springframework.security.web.savedrequest.RequestCacheAwareFilter@3a33872d, org.springframework.security.web.servletapi.SecurityContextHolderAwareRequestFilter@3a9d395a, org.springframework.security.web.authentication.AnonymousAuthenticationFilter@67381cd2, org.springframework.security.web.session.SessionManagementFilter@5aefdd21, org.springframework.security.web.access.ExceptionTranslationFilter@6861e61a, org.springframework.security.web.access.intercept.AuthorizationFilter@6790e30b]] (1/1)
2024-10-02 23:44:57 DEBUG o.s.security.web.FilterChainProxy - Securing GET /api/v1/products/images/hop_am_duong_4143b9f357894400854564fdf8a2e180_1024x1024.png
2024-10-02 23:44:57 TRACE o.s.security.web.FilterChainProxy - Invoking DisableEncodeUrlFilter (1/13)
2024-10-02 23:44:57 TRACE o.s.security.web.FilterChainProxy - Invoking WebAsyncManagerIntegrationFilter (2/13)
2024-10-02 23:44:57 TRACE o.s.security.web.FilterChainProxy - Invoking SecurityContextHolderFilter (3/13)
2024-10-02 23:44:57 TRACE o.s.security.web.FilterChainProxy - Invoking HeaderWriterFilter (4/13)
2024-10-02 23:44:57 TRACE o.s.security.web.FilterChainProxy - Invoking CorsFilter (5/13)
2024-10-02 23:44:57 TRACE o.s.security.web.FilterChainProxy - Invoking LogoutFilter (6/13)
2024-10-02 23:44:57 TRACE o.s.s.w.a.logout.LogoutFilter - Did not match request to Or [Ant [pattern='/logout', GET], Ant [pattern='/logout', POST], Ant [pattern='/logout', PUT], Ant [pattern='/logout', DELETE]]
2024-10-02 23:44:57 TRACE o.s.security.web.FilterChainProxy - Invoking JwtTokenFilter (7/13)
2024-10-02 23:45:00 TRACE o.s.security.web.FilterChainProxy - Invoking RequestCacheAwareFilter (8/13)
2024-10-02 23:45:00 TRACE o.s.security.web.FilterChainProxy - Invoking SecurityContextHolderAwareRequestFilter (9/13)
2024-10-02 23:45:00 TRACE o.s.security.web.FilterChainProxy - Invoking AnonymousAuthenticationFilter (10/13)
2024-10-02 23:45:00 TRACE o.s.security.web.FilterChainProxy - Invoking SessionManagementFilter (11/13)
2024-10-02 23:45:00 TRACE o.s.s.w.c.SupplierDeferredSecurityContext - Created SecurityContextImpl [Null authentication]
2024-10-02 23:45:00 TRACE o.s.s.w.a.AnonymousAuthenticationFilter - Set SecurityContextHolder to AnonymousAuthenticationToken [Principal=anonymousUser, Credentials=[PROTECTED], Authenticated=true, Details=WebAuthenticationDetails [RemoteIpAddress=0:0:0:0:0:0:0:1, SessionId=null], Granted Authorities=[ROLE_ANONYMOUS]]
2024-10-02 23:45:00 TRACE o.s.security.web.FilterChainProxy - Invoking ExceptionTranslationFilter (12/13)
2024-10-02 23:45:00 TRACE o.s.security.web.FilterChainProxy - Invoking AuthorizationFilter (13/13)
2024-10-02 23:45:00 TRACE o.s.s.w.a.i.RequestMatcherDelegatingAuthorizationManager - Authorizing GET /api/v1/products/images/hop_am_duong_4143b9f357894400854564fdf8a2e180_1024x1024.png
2024-10-02 23:45:00 TRACE o.s.s.w.a.i.RequestMatcherDelegatingAuthorizationManager - Checking authorization on GET /api/v1/products/images/hop_am_duong_4143b9f357894400854564fdf8a2e180_1024x1024.png using org.springframework.security.config.annotation.web.configurers.AuthorizeHttpRequestsConfigurer$$Lambda$1939/0x000001bfa35b32c8@758b9df
2024-10-02 23:45:00 DEBUG o.s.security.web.FilterChainProxy - Secured GET /api/v1/products/images/hop_am_duong_4143b9f357894400854564fdf8a2e180_1024x1024.png
2024-10-02 23:45:03 TRACE o.s.s.w.h.writers.HstsHeaderWriter - Not injecting HSTS header since it did not match request to [Is Secure]
2024-10-02 23:45:24 TRACE o.s.security.web.FilterChainProxy - Trying to match request against DefaultSecurityFilterChain [RequestMatcher=any request, Filters=[org.springframework.security.web.session.DisableEncodeUrlFilter@6a0246d8, org.springframework.security.web.context.request.async.WebAsyncManagerIntegrationFilter@497f7a53, org.springframework.security.web.context.SecurityContextHolderFilter@2ba0bf9c, org.springframework.security.web.header.HeaderWriterFilter@564d535c, org.springframework.web.filter.CorsFilter@51b8f5db, org.springframework.security.web.authentication.logout.LogoutFilter@467c9ad9, com.project.shopapp.filter.JwtTokenFilter@357a530c, org.springframework.security.web.savedrequest.RequestCacheAwareFilter@3a33872d, org.springframework.security.web.servletapi.SecurityContextHolderAwareRequestFilter@3a9d395a, org.springframework.security.web.authentication.AnonymousAuthenticationFilter@67381cd2, org.springframework.security.web.session.SessionManagementFilter@5aefdd21, org.springframework.security.web.access.ExceptionTranslationFilter@6861e61a, org.springframework.security.web.access.intercept.AuthorizationFilter@6790e30b]] (1/1)
2024-10-02 23:45:24 DEBUG o.s.security.web.FilterChainProxy - Securing GET /api/v1/categories
2024-10-02 23:45:24 TRACE o.s.security.web.FilterChainProxy - Invoking DisableEncodeUrlFilter (1/13)
2024-10-02 23:45:24 TRACE o.s.security.web.FilterChainProxy - Invoking WebAsyncManagerIntegrationFilter (2/13)
2024-10-02 23:45:24 TRACE o.s.security.web.FilterChainProxy - Invoking SecurityContextHolderFilter (3/13)
2024-10-02 23:45:24 TRACE o.s.security.web.FilterChainProxy - Invoking HeaderWriterFilter (4/13)
2024-10-02 23:45:24 TRACE o.s.security.web.FilterChainProxy - Invoking CorsFilter (5/13)
2024-10-02 23:45:24 TRACE o.s.security.web.FilterChainProxy - Invoking LogoutFilter (6/13)
2024-10-02 23:45:24 TRACE o.s.s.w.a.logout.LogoutFilter - Did not match request to Or [Ant [pattern='/logout', GET], Ant [pattern='/logout', POST], Ant [pattern='/logout', PUT], Ant [pattern='/logout', DELETE]]
2024-10-02 23:45:24 TRACE o.s.security.web.FilterChainProxy - Invoking JwtTokenFilter (7/13)
2024-10-02 23:45:26 TRACE o.s.security.web.FilterChainProxy - Invoking RequestCacheAwareFilter (8/13)
2024-10-02 23:45:26 TRACE o.s.security.web.FilterChainProxy - Invoking SecurityContextHolderAwareRequestFilter (9/13)
2024-10-02 23:45:26 TRACE o.s.security.web.FilterChainProxy - Invoking AnonymousAuthenticationFilter (10/13)
2024-10-02 23:45:26 TRACE o.s.security.web.FilterChainProxy - Invoking SessionManagementFilter (11/13)
2024-10-02 23:45:26 TRACE o.s.s.w.c.SupplierDeferredSecurityContext - Created SecurityContextImpl [Null authentication]
2024-10-02 23:45:26 TRACE o.s.s.w.a.AnonymousAuthenticationFilter - Set SecurityContextHolder to AnonymousAuthenticationToken [Principal=anonymousUser, Credentials=[PROTECTED], Authenticated=true, Details=WebAuthenticationDetails [RemoteIpAddress=0:0:0:0:0:0:0:1, SessionId=null], Granted Authorities=[ROLE_ANONYMOUS]]
2024-10-02 23:45:26 TRACE o.s.security.web.FilterChainProxy - Invoking ExceptionTranslationFilter (12/13)
2024-10-02 23:45:26 TRACE o.s.security.web.FilterChainProxy - Invoking AuthorizationFilter (13/13)
2024-10-02 23:45:26 TRACE o.s.s.w.a.i.RequestMatcherDelegatingAuthorizationManager - Authorizing GET /api/v1/categories
2024-10-02 23:45:26 TRACE o.s.s.w.a.i.RequestMatcherDelegatingAuthorizationManager - Checking authorization on GET /api/v1/categories using org.springframework.security.config.annotation.web.configurers.AuthorizeHttpRequestsConfigurer$$Lambda$1939/0x000001bfa35b32c8@758b9df
2024-10-02 23:45:26 DEBUG o.s.security.web.FilterChainProxy - Secured GET /api/v1/categories
2024-10-02 23:45:26 TRACE o.s.s.w.h.writers.HstsHeaderWriter - Not injecting HSTS header since it did not match request to [Is Secure]
